
*** Running vivado
    with args -log top.vds -m64 -product Vivado -mode batch -messageDb vivado.pb -notrace -source top.tcl


ECHO est  desactivado.
ECHO est  desactivado.

****** Vivado v2023.1 (64-bit)
  **** SW Build 3865809 on Sun May  7 15:05:29 MDT 2023
  **** IP Build 3864474 on Sun May  7 20:36:21 MDT 2023
  **** SharedData Build 3865790 on Sun May 07 13:33:03 MDT 2023
    ** Copyright 1986-2022 Xilinx, Inc. All Rights Reserved.
    ** Copyright 2022-2023 Advanced Micro Devices, Inc. All Rights Reserved.

source top.tcl -notrace
create_project: Time (s): cpu = 00:00:11 ; elapsed = 00:00:11 . Memory (MB): peak = 460.016 ; gain = 200.539
Command: read_checkpoint -auto_incremental -incremental C:/Users/sed/Downloads/ascensor2/ascensor2/ascensor.srcs/utils_1/imports/synth_1/top.dcp
INFO: [Vivado 12-5825] Read reference checkpoint from C:/Users/sed/Downloads/ascensor2/ascensor2/ascensor.srcs/utils_1/imports/synth_1/top.dcp for incremental synthesis
INFO: [Vivado 12-7989] Please ensure there are no constraint changes
Command: synth_design -top top -part xc7a100tcsg324-1
Starting synth_design
Attempting to get a license for feature 'Synthesis' and/or device 'xc7a100t'
INFO: [Common 17-349] Got license for feature 'Synthesis' and/or device 'xc7a100t'
INFO: [Device 21-403] Loading part xc7a100tcsg324-1
INFO: [Designutils 20-5440] No compile time benefit to using incremental synthesis; A full resynthesis will be run
INFO: [Designutils 20-4379] Flow is switching to default flow due to incremental criteria not met. If you would like to alter this behaviour and have the flow terminate instead, please set the following parameter config_implementation {autoIncr.Synth.RejectBehavior Terminate}
INFO: [Synth 8-7079] Multithreading enabled for synth_design using a maximum of 2 processes.
INFO: [Synth 8-7078] Launching helper process for spawning children vivado processes
INFO: [Synth 8-7075] Helper process launched with PID 9564
---------------------------------------------------------------------------------
Starting RTL Elaboration : Time (s): cpu = 00:00:08 ; elapsed = 00:00:08 . Memory (MB): peak = 1294.031 ; gain = 410.945
---------------------------------------------------------------------------------
INFO: [Synth 8-638] synthesizing module 'top' [C:/Users/sed/Downloads/ascensor2/ascensor2/ascensor.srcs/sources_1/new/top.vhd:15]
INFO: [Synth 8-3491] module 'fdivider' declared at 'C:/Users/sed/Downloads/ascensor2/ascensor2/ascensor.srcs/sources_1/new/fdivider.vhd:5' bound to instance 'prescaler1' of component 'fdivider' [C:/Users/sed/Downloads/ascensor2/ascensor2/ascensor.srcs/sources_1/new/top.vhd:78]
INFO: [Synth 8-638] synthesizing module 'fdivider' [C:/Users/sed/Downloads/ascensor2/ascensor2/ascensor.srcs/sources_1/new/fdivider.vhd:13]
INFO: [Synth 8-256] done synthesizing module 'fdivider' (0#1) [C:/Users/sed/Downloads/ascensor2/ascensor2/ascensor.srcs/sources_1/new/fdivider.vhd:13]
INFO: [Synth 8-3491] module 'fdivider' declared at 'C:/Users/sed/Downloads/ascensor2/ascensor2/ascensor.srcs/sources_1/new/fdivider.vhd:5' bound to instance 'prescaler2' of component 'fdivider' [C:/Users/sed/Downloads/ascensor2/ascensor2/ascensor.srcs/sources_1/new/top.vhd:86]
INFO: [Synth 8-3491] module 'fdivider' declared at 'C:/Users/sed/Downloads/ascensor2/ascensor2/ascensor.srcs/sources_1/new/fdivider.vhd:5' bound to instance 'prescaler3' of component 'fdivider' [C:/Users/sed/Downloads/ascensor2/ascensor2/ascensor.srcs/sources_1/new/top.vhd:94]
INFO: [Synth 8-3491] module 'Gestor_Entradas' declared at 'C:/Users/sed/Downloads/ascensor2/ascensor2/ascensor.srcs/sources_1/new/Gestor_Entradas.vhd:4' bound to instance 'Inst_gestor_entradas' of component 'Gestor_Entradas' [C:/Users/sed/Downloads/ascensor2/ascensor2/ascensor.srcs/sources_1/new/top.vhd:102]
INFO: [Synth 8-638] synthesizing module 'Gestor_Entradas' [C:/Users/sed/Downloads/ascensor2/ascensor2/ascensor.srcs/sources_1/new/Gestor_Entradas.vhd:13]
INFO: [Synth 8-3491] module 'SYNCHRNZR' declared at 'C:/Users/sed/Downloads/ascensor2/ascensor2/ascensor.srcs/sources_1/new/SYNCHRNZR.vhd:4' bound to instance 'Inst_SYNCHRNZR' of component 'SYNCHRNZR' [C:/Users/sed/Downloads/ascensor2/ascensor2/ascensor.srcs/sources_1/new/Gestor_Entradas.vhd:44]
INFO: [Synth 8-638] synthesizing module 'SYNCHRNZR' [C:/Users/sed/Downloads/ascensor2/ascensor2/ascensor.srcs/sources_1/new/SYNCHRNZR.vhd:12]
INFO: [Synth 8-256] done synthesizing module 'SYNCHRNZR' (0#1) [C:/Users/sed/Downloads/ascensor2/ascensor2/ascensor.srcs/sources_1/new/SYNCHRNZR.vhd:12]
INFO: [Synth 8-3491] module 'EDGEDTCTR' declared at 'C:/Users/sed/Downloads/ascensor2/ascensor2/ascensor.srcs/sources_1/new/EDGEDTCTR.vhd:4' bound to instance 'Inst_EDGEDTCTR' of component 'EDGEDTCTR' [C:/Users/sed/Downloads/ascensor2/ascensor2/ascensor.srcs/sources_1/new/Gestor_Entradas.vhd:51]
INFO: [Synth 8-638] synthesizing module 'EDGEDTCTR' [C:/Users/sed/Downloads/ascensor2/ascensor2/ascensor.srcs/sources_1/new/EDGEDTCTR.vhd:12]
INFO: [Synth 8-256] done synthesizing module 'EDGEDTCTR' (0#1) [C:/Users/sed/Downloads/ascensor2/ascensor2/ascensor.srcs/sources_1/new/EDGEDTCTR.vhd:12]
INFO: [Synth 8-3491] module 'button_decoder' declared at 'C:/Users/sed/Downloads/ascensor2/ascensor2/ascensor.srcs/sources_1/new/button_decoder.vhd:4' bound to instance 'Inst_button_decoder' of component 'button_decoder' [C:/Users/sed/Downloads/ascensor2/ascensor2/ascensor.srcs/sources_1/new/Gestor_Entradas.vhd:58]
INFO: [Synth 8-638] synthesizing module 'button_decoder' [C:/Users/sed/Downloads/ascensor2/ascensor2/ascensor.srcs/sources_1/new/button_decoder.vhd:11]
INFO: [Synth 8-256] done synthesizing module 'button_decoder' (0#1) [C:/Users/sed/Downloads/ascensor2/ascensor2/ascensor.srcs/sources_1/new/button_decoder.vhd:11]
INFO: [Synth 8-256] done synthesizing module 'Gestor_Entradas' (0#1) [C:/Users/sed/Downloads/ascensor2/ascensor2/ascensor.srcs/sources_1/new/Gestor_Entradas.vhd:13]
INFO: [Synth 8-3491] module 'fsm' declared at 'C:/Users/sed/Downloads/ascensor2/ascensor2/ascensor.srcs/sources_1/new/fsm.vhd:4' bound to instance 'Inst_fsm' of component 'fsm' [C:/Users/sed/Downloads/ascensor2/ascensor2/ascensor.srcs/sources_1/new/top.vhd:110]
INFO: [Synth 8-638] synthesizing module 'fsm' [C:/Users/sed/Downloads/ascensor2/ascensor2/ascensor.srcs/sources_1/new/fsm.vhd:15]
WARNING: [Synth 8-614] signal 'btn_memo' is read in the process but is not in the sensitivity list [C:/Users/sed/Downloads/ascensor2/ascensor2/ascensor.srcs/sources_1/new/fsm.vhd:33]
WARNING: [Synth 8-614] signal 'piso_actual' is read in the process but is not in the sensitivity list [C:/Users/sed/Downloads/ascensor2/ascensor2/ascensor.srcs/sources_1/new/fsm.vhd:33]
INFO: [Synth 8-256] done synthesizing module 'fsm' (0#1) [C:/Users/sed/Downloads/ascensor2/ascensor2/ascensor.srcs/sources_1/new/fsm.vhd:15]
INFO: [Synth 8-3491] module 'counter' declared at 'C:/Users/sed/Downloads/ascensor2/ascensor2/ascensor.srcs/sources_1/new/counter.vhd:5' bound to instance 'Inst_counter' of component 'counter' [C:/Users/sed/Downloads/ascensor2/ascensor2/ascensor.srcs/sources_1/new/top.vhd:120]
INFO: [Synth 8-638] synthesizing module 'counter' [C:/Users/sed/Downloads/ascensor2/ascensor2/ascensor.srcs/sources_1/new/counter.vhd:15]
INFO: [Synth 8-256] done synthesizing module 'counter' (0#1) [C:/Users/sed/Downloads/ascensor2/ascensor2/ascensor.srcs/sources_1/new/counter.vhd:15]
INFO: [Synth 8-3491] module 'visualizer' declared at 'C:/Users/sed/Downloads/ascensor2/ascensor2/ascensor.srcs/sources_1/new/visualizer.vhd:4' bound to instance 'Inst_visualizer' of component 'visualizer' [C:/Users/sed/Downloads/ascensor2/ascensor2/ascensor.srcs/sources_1/new/top.vhd:129]
INFO: [Synth 8-638] synthesizing module 'visualizer' [C:/Users/sed/Downloads/ascensor2/ascensor2/ascensor.srcs/sources_1/new/visualizer.vhd:16]
INFO: [Synth 8-3491] module 'display_decoder' declared at 'C:/Users/sed/Downloads/ascensor2/ascensor2/ascensor.srcs/sources_1/new/display_decoder.vhd:4' bound to instance 'Inst_decoder' of component 'display_decoder' [C:/Users/sed/Downloads/ascensor2/ascensor2/ascensor.srcs/sources_1/new/visualizer.vhd:39]
INFO: [Synth 8-638] synthesizing module 'display_decoder' [C:/Users/sed/Downloads/ascensor2/ascensor2/ascensor.srcs/sources_1/new/display_decoder.vhd:13]
INFO: [Synth 8-226] default block is never used [C:/Users/sed/Downloads/ascensor2/ascensor2/ascensor.srcs/sources_1/new/display_decoder.vhd:35]
INFO: [Synth 8-256] done synthesizing module 'display_decoder' (0#1) [C:/Users/sed/Downloads/ascensor2/ascensor2/ascensor.srcs/sources_1/new/display_decoder.vhd:13]
INFO: [Synth 8-3491] module 'Display' declared at 'C:/Users/sed/Downloads/ascensor2/ascensor2/ascensor.srcs/sources_1/new/Display.vhd:5' bound to instance 'Inst_display' of component 'Display' [C:/Users/sed/Downloads/ascensor2/ascensor2/ascensor.srcs/sources_1/new/visualizer.vhd:47]
INFO: [Synth 8-638] synthesizing module 'Display' [C:/Users/sed/Downloads/ascensor2/ascensor2/ascensor.srcs/sources_1/new/Display.vhd:15]
INFO: [Synth 8-226] default block is never used [C:/Users/sed/Downloads/ascensor2/ascensor2/ascensor.srcs/sources_1/new/Display.vhd:46]
WARNING: [Synth 8-614] signal 'RESET' is read in the process but is not in the sensitivity list [C:/Users/sed/Downloads/ascensor2/ascensor2/ascensor.srcs/sources_1/new/Display.vhd:34]
INFO: [Synth 8-256] done synthesizing module 'Display' (0#1) [C:/Users/sed/Downloads/ascensor2/ascensor2/ascensor.srcs/sources_1/new/Display.vhd:15]
INFO: [Synth 8-256] done synthesizing module 'visualizer' (0#1) [C:/Users/sed/Downloads/ascensor2/ascensor2/ascensor.srcs/sources_1/new/visualizer.vhd:16]
INFO: [Synth 8-256] done synthesizing module 'top' (0#1) [C:/Users/sed/Downloads/ascensor2/ascensor2/ascensor.srcs/sources_1/new/top.vhd:15]
WARNING: [Synth 8-7129] Port piso_deseado[3] in module counter is either unconnected or has no load
WARNING: [Synth 8-7129] Port piso_deseado[2] in module counter is either unconnected or has no load
WARNING: [Synth 8-7129] Port piso_deseado[1] in module counter is either unconnected or has no load
WARNING: [Synth 8-7129] Port piso_deseado[0] in module counter is either unconnected or has no load
WARNING: [Synth 8-7129] Port RESET in module Gestor_Entradas is either unconnected or has no load
---------------------------------------------------------------------------------
Finished RTL Elaboration : Time (s): cpu = 00:00:11 ; elapsed = 00:00:11 . Memory (MB): peak = 1385.453 ; gain = 502.367
---------------------------------------------------------------------------------
---------------------------------------------------------------------------------
Start Handling Custom Attributes
---------------------------------------------------------------------------------
---------------------------------------------------------------------------------
Finished Handling Custom Attributes : Time (s): cpu = 00:00:11 ; elapsed = 00:00:11 . Memory (MB): peak = 1385.453 ; gain = 502.367
---------------------------------------------------------------------------------
---------------------------------------------------------------------------------
Finished RTL Optimization Phase 1 : Time (s): cpu = 00:00:11 ; elapsed = 00:00:11 . Memory (MB): peak = 1385.453 ; gain = 502.367
---------------------------------------------------------------------------------
Netlist sorting complete. Time (s): cpu = 00:00:00 ; elapsed = 00:00:00.012 . Memory (MB): peak = 1385.453 ; gain = 0.000
INFO: [Project 1-570] Preparing netlist for logic optimization

Processing XDC Constraints
Initializing timing engine
Parsing XDC File [C:/Users/sed/Downloads/ascensor2/ascensor2/ascensor.srcs/constrs_1/imports/Downloads/Nexys-4-DDR-Master.xdc]
Finished Parsing XDC File [C:/Users/sed/Downloads/ascensor2/ascensor2/ascensor.srcs/constrs_1/imports/Downloads/Nexys-4-DDR-Master.xdc]
INFO: [Project 1-236] Implementation specific constraints were found while reading constraint file [C:/Users/sed/Downloads/ascensor2/ascensor2/ascensor.srcs/constrs_1/imports/Downloads/Nexys-4-DDR-Master.xdc]. These constraints will be ignored for synthesis but will be used in implementation. Impacted constraints are listed in the file [.Xil/top_propImpl.xdc].
Resolution: To avoid this warning, move constraints listed in [.Xil/top_propImpl.xdc] to another XDC file and exclude this new file from synthesis with the used_in_synthesis property (File Properties dialog in GUI) and re-run elaboration/synthesis.
Completed Processing XDC Constraints

Netlist sorting complete. Time (s): cpu = 00:00:00 ; elapsed = 00:00:00 . Memory (MB): peak = 1486.828 ; gain = 0.000
INFO: [Project 1-111] Unisim Transformation Summary:
No Unisim elements were transformed.

Constraint Validation Runtime : Time (s): cpu = 00:00:00 ; elapsed = 00:00:00.005 . Memory (MB): peak = 1486.828 ; gain = 0.000
INFO: [Designutils 20-5440] No compile time benefit to using incremental synthesis; A full resynthesis will be run
INFO: [Designutils 20-4379] Flow is switching to default flow due to incremental criteria not met. If you would like to alter this behaviour and have the flow terminate instead, please set the following parameter config_implementation {autoIncr.Synth.RejectBehavior Terminate}
---------------------------------------------------------------------------------
Finished Constraint Validation : Time (s): cpu = 00:00:21 ; elapsed = 00:00:22 . Memory (MB): peak = 1486.828 ; gain = 603.742
---------------------------------------------------------------------------------
---------------------------------------------------------------------------------
Start Loading Part and Timing Information
---------------------------------------------------------------------------------
Loading part: xc7a100tcsg324-1
---------------------------------------------------------------------------------
Finished Loading Part and Timing Information : Time (s): cpu = 00:00:21 ; elapsed = 00:00:22 . Memory (MB): peak = 1486.828 ; gain = 603.742
---------------------------------------------------------------------------------
---------------------------------------------------------------------------------
Start Applying 'set_property' XDC Constraints
---------------------------------------------------------------------------------
---------------------------------------------------------------------------------
Finished applying 'set_property' XDC Constraints : Time (s): cpu = 00:00:21 ; elapsed = 00:00:22 . Memory (MB): peak = 1486.828 ; gain = 603.742
---------------------------------------------------------------------------------
INFO: [Synth 8-802] inferred FSM for state register 'curr_state_reg' in module 'fsm'
---------------------------------------------------------------------------------------------------
                   State |                     New Encoding |                Previous Encoding 
---------------------------------------------------------------------------------------------------
                    idle |                              000 |                              000
                 standby |                              001 |                              001
                 closing |                              010 |                              010
                      up |                              011 |                              011
                    down |                              100 |                              100
                 opening |                              101 |                              101
---------------------------------------------------------------------------------------------------
INFO: [Synth 8-3354] encoded FSM with state register 'curr_state_reg' using encoding 'sequential' in module 'fsm'
---------------------------------------------------------------------------------
Finished RTL Optimization Phase 2 : Time (s): cpu = 00:00:22 ; elapsed = 00:00:23 . Memory (MB): peak = 1486.828 ; gain = 603.742
---------------------------------------------------------------------------------
---------------------------------------------------------------------------------
Start RTL Component Statistics 
---------------------------------------------------------------------------------
Detailed RTL Component Info : 
+---Adders : 
	   2 Input   31 Bit       Adders := 3     
	   2 Input   29 Bit       Adders := 3     
	   2 Input   16 Bit       Adders := 1     
	   2 Input    4 Bit       Adders := 1     
	   2 Input    3 Bit       Adders := 1     
+---Registers : 
	               16 Bit    Registers := 1     
	                8 Bit    Registers := 1     
	                4 Bit    Registers := 4     
	                3 Bit    Registers := 5     
	                2 Bit    Registers := 4     
	                1 Bit    Registers := 3     
+---Muxes : 
	   2 Input   31 Bit        Muxes := 3     
	   2 Input   29 Bit        Muxes := 3     
	   4 Input   24 Bit        Muxes := 1     
	   2 Input   24 Bit        Muxes := 1     
	   2 Input   16 Bit        Muxes := 1     
	   4 Input    8 Bit        Muxes := 1     
	   8 Input    8 Bit        Muxes := 1     
	   7 Input    7 Bit        Muxes := 1     
	   5 Input    3 Bit        Muxes := 1     
	   2 Input    3 Bit        Muxes := 1     
	   5 Input    2 Bit        Muxes := 1     
	   6 Input    2 Bit        Muxes := 2     
	   2 Input    2 Bit        Muxes := 1     
	   4 Input    2 Bit        Muxes := 1     
	   2 Input    1 Bit        Muxes := 5     
	   5 Input    1 Bit        Muxes := 2     
	   3 Input    1 Bit        Muxes := 1     
	   8 Input    1 Bit        Muxes := 1     
---------------------------------------------------------------------------------
Finished RTL Component Statistics 
---------------------------------------------------------------------------------
---------------------------------------------------------------------------------
Start Part Resource Summary
---------------------------------------------------------------------------------
Part Resources:
DSPs: 240 (col length:80)
BRAMs: 270 (col length: RAMB18 80 RAMB36 40)
---------------------------------------------------------------------------------
Finished Part Resource Summary
---------------------------------------------------------------------------------
---------------------------------------------------------------------------------
Start Cross Boundary and Area Optimization
---------------------------------------------------------------------------------
WARNING: [Synth 8-7080] Parallel synthesis criteria is not met
---------------------------------------------------------------------------------
Finished Cross Boundary and Area Optimization : Time (s): cpu = 00:00:26 ; elapsed = 00:00:27 . Memory (MB): peak = 1486.828 ; gain = 603.742
---------------------------------------------------------------------------------
---------------------------------------------------------------------------------
Start Applying XDC Timing Constraints
---------------------------------------------------------------------------------
---------------------------------------------------------------------------------
Finished Applying XDC Timing Constraints : Time (s): cpu = 00:00:33 ; elapsed = 00:00:34 . Memory (MB): peak = 1486.828 ; gain = 603.742
---------------------------------------------------------------------------------
---------------------------------------------------------------------------------
Start Timing Optimization
---------------------------------------------------------------------------------
---------------------------------------------------------------------------------
Finished Timing Optimization : Time (s): cpu = 00:00:33 ; elapsed = 00:00:35 . Memory (MB): peak = 1486.828 ; gain = 603.742
---------------------------------------------------------------------------------
---------------------------------------------------------------------------------
Start Technology Mapping
---------------------------------------------------------------------------------
---------------------------------------------------------------------------------
Finished Technology Mapping : Time (s): cpu = 00:00:33 ; elapsed = 00:00:35 . Memory (MB): peak = 1486.828 ; gain = 603.742
---------------------------------------------------------------------------------
---------------------------------------------------------------------------------
Start IO Insertion
---------------------------------------------------------------------------------
---------------------------------------------------------------------------------
Start Flattening Before IO Insertion
---------------------------------------------------------------------------------
---------------------------------------------------------------------------------
Finished Flattening Before IO Insertion
---------------------------------------------------------------------------------
---------------------------------------------------------------------------------
Start Final Netlist Cleanup
---------------------------------------------------------------------------------
---------------------------------------------------------------------------------
Finished Final Netlist Cleanup
---------------------------------------------------------------------------------
---------------------------------------------------------------------------------
Finished IO Insertion : Time (s): cpu = 00:00:40 ; elapsed = 00:00:41 . Memory (MB): peak = 1486.828 ; gain = 603.742
---------------------------------------------------------------------------------
---------------------------------------------------------------------------------
Start Renaming Generated Instances
---------------------------------------------------------------------------------
---------------------------------------------------------------------------------
Finished Renaming Generated Instances : Time (s): cpu = 00:00:40 ; elapsed = 00:00:41 . Memory (MB): peak = 1486.828 ; gain = 603.742
---------------------------------------------------------------------------------
---------------------------------------------------------------------------------
Start Rebuilding User Hierarchy
---------------------------------------------------------------------------------
---------------------------------------------------------------------------------
Finished Rebuilding User Hierarchy : Time (s): cpu = 00:00:40 ; elapsed = 00:00:41 . Memory (MB): peak = 1486.828 ; gain = 603.742
---------------------------------------------------------------------------------
---------------------------------------------------------------------------------
Start Renaming Generated Ports
---------------------------------------------------------------------------------
---------------------------------------------------------------------------------
Finished Renaming Generated Ports : Time (s): cpu = 00:00:40 ; elapsed = 00:00:41 . Memory (MB): peak = 1486.828 ; gain = 603.742
---------------------------------------------------------------------------------
---------------------------------------------------------------------------------
Start Handling Custom Attributes
---------------------------------------------------------------------------------
---------------------------------------------------------------------------------
Finished Handling Custom Attributes : Time (s): cpu = 00:00:40 ; elapsed = 00:00:41 . Memory (MB): peak = 1486.828 ; gain = 603.742
---------------------------------------------------------------------------------
---------------------------------------------------------------------------------
Start Renaming Generated Nets
---------------------------------------------------------------------------------
---------------------------------------------------------------------------------
Finished Renaming Generated Nets : Time (s): cpu = 00:00:40 ; elapsed = 00:00:41 . Memory (MB): peak = 1486.828 ; gain = 603.742
---------------------------------------------------------------------------------
---------------------------------------------------------------------------------
Start ROM, RAM, DSP, Shift Register and Retiming Reporting
---------------------------------------------------------------------------------

Static Shift Register Report:
+------------+--------------------------------------------------+--------+-------+--------------+--------------------+-------------------+--------+---------+
|Module Name | RTL Name                                         | Length | Width | Reset Signal | Pull out first Reg | Pull out last Reg | SRL16E | SRLC32E | 
+------------+--------------------------------------------------+--------+-------+--------------+--------------------+-------------------+--------+---------+
|top         | Inst_gestor_entradas/Inst_EDGEDTCTR/sreg0_reg[0] | 4      | 1     | NO           | YES                | YES               | 1      | 0       | 
|top         | Inst_gestor_entradas/Inst_EDGEDTCTR/sreg1_reg[0] | 4      | 1     | NO           | YES                | YES               | 1      | 0       | 
|top         | Inst_gestor_entradas/Inst_EDGEDTCTR/sreg2_reg[0] | 4      | 1     | NO           | YES                | YES               | 1      | 0       | 
|top         | Inst_gestor_entradas/Inst_EDGEDTCTR/sreg3_reg[0] | 4      | 1     | NO           | YES                | YES               | 1      | 0       | 
+------------+--------------------------------------------------+--------+-------+--------------+--------------------+-------------------+--------+---------+

---------------------------------------------------------------------------------
Finished ROM, RAM, DSP, Shift Register and Retiming Reporting
---------------------------------------------------------------------------------
---------------------------------------------------------------------------------
Start Writing Synthesis Report
---------------------------------------------------------------------------------

Report BlackBoxes: 
+-+--------------+----------+
| |BlackBox name |Instances |
+-+--------------+----------+
+-+--------------+----------+

Report Cell Usage: 
+------+-------+------+
|      |Cell   |Count |
+------+-------+------+
|1     |BUFG   |     1|
|2     |CARRY4 |    64|
|3     |LUT1   |    12|
|4     |LUT2   |   155|
|5     |LUT3   |    32|
|6     |LUT4   |    16|
|7     |LUT5   |    11|
|8     |LUT6   |    16|
|9     |SRL16E |     4|
|10    |FDCE   |    33|
|11    |FDPE   |     5|
|12    |FDRE   |    82|
|13    |IBUF   |     6|
|14    |OBUF   |    17|
+------+-------+------+
---------------------------------------------------------------------------------
Finished Writing Synthesis Report : Time (s): cpu = 00:00:40 ; elapsed = 00:00:41 . Memory (MB): peak = 1486.828 ; gain = 603.742
---------------------------------------------------------------------------------
Synthesis finished with 0 errors, 0 critical warnings and 1 warnings.
Synthesis Optimization Runtime : Time (s): cpu = 00:00:27 ; elapsed = 00:00:39 . Memory (MB): peak = 1486.828 ; gain = 502.367
Synthesis Optimization Complete : Time (s): cpu = 00:00:40 ; elapsed = 00:00:41 . Memory (MB): peak = 1486.828 ; gain = 603.742
INFO: [Project 1-571] Translating synthesized netlist
Netlist sorting complete. Time (s): cpu = 00:00:00 ; elapsed = 00:00:00.009 . Memory (MB): peak = 1486.828 ; gain = 0.000
INFO: [Netlist 29-17] Analyzing 64 Unisim elements for replacement
INFO: [Netlist 29-28] Unisim Transformation completed in 0 CPU seconds
INFO: [Project 1-570] Preparing netlist for logic optimization
INFO: [Opt 31-138] Pushed 0 inverter(s) to 0 load pin(s).
Netlist sorting complete. Time (s): cpu = 00:00:00 ; elapsed = 00:00:00 . Memory (MB): peak = 1486.828 ; gain = 0.000
INFO: [Project 1-111] Unisim Transformation Summary:
No Unisim elements were transformed.

Synth Design complete | Checksum: fc284d35
INFO: [Common 17-83] Releasing license: Synthesis
59 Infos, 9 Warnings, 0 Critical Warnings and 0 Errors encountered.
synth_design completed successfully
synth_design: Time (s): cpu = 00:00:46 ; elapsed = 00:00:49 . Memory (MB): peak = 1486.828 ; gain = 998.703
INFO: [Common 17-1381] The checkpoint 'C:/Users/sed/Downloads/ascensor2/ascensor2/ascensor.runs/synth_1/top.dcp' has been generated.
INFO: [runtcl-4] Executing : report_utilization -file top_utilization_synth.rpt -pb top_utilization_synth.pb
INFO: [Common 17-206] Exiting Vivado at Thu Dec 21 11:45:34 2023...
